\BOOKMARK [0][-]{chapter.1}{Einf\374hrung}{}% 1
\BOOKMARK [1][-]{section.1.1}{Historischer \334berblick}{chapter.1}% 2
\BOOKMARK [1][-]{section.1.2}{Hierachie der Berschreibung optischer Ph\344nomene}{chapter.1}% 3
\BOOKMARK [1][-]{section.1.3}{Licht als elektromagnetische Welle}{chapter.1}% 4
\BOOKMARK [1][-]{section.1.4}{Das elektromagnetische Spektrum}{chapter.1}% 5
\BOOKMARK [0][-]{chapter.2}{Elektromagnetische Wellen}{}% 6
\BOOKMARK [1][-]{section.2.1}{Wiederholung}{chapter.2}% 7
\BOOKMARK [1][-]{section.2.2}{Licht als elektromagnetische Welle}{chapter.2}% 8
\BOOKMARK [1][-]{section.2.3}{Bestimmung der Lichtgeschwindigkeit}{chapter.2}% 9
\BOOKMARK [1][-]{section.2.4}{L\366sung der Wellengleichung}{chapter.2}% 10
\BOOKMARK [1][-]{section.2.5}{Energie von Licht, Poynting-Vektor}{chapter.2}% 11
\BOOKMARK [1][-]{section.2.6}{Impuls von Licht}{chapter.2}% 12
\BOOKMARK [1][-]{section.2.7}{Wellenpakete}{chapter.2}% 13
\BOOKMARK [1][-]{section.2.8}{Phasen- und Gruppengeschwindigkeiten}{chapter.2}% 14
\BOOKMARK [0][-]{chapter.3}{Dispersion von Licht}{}% 15
\BOOKMARK [1][-]{section.3.1}{Die Frequenzabh\344ngigkeit der Dielekrizit\344tskonstante }{chapter.3}% 16
\BOOKMARK [1][-]{section.3.2}{Der Brechungsindex}{chapter.3}% 17
\BOOKMARK [1][-]{section.3.3}{Absorption von Licht}{chapter.3}% 18
\BOOKMARK [1][-]{section.3.4}{Detailbetrachtung}{chapter.3}% 19
\BOOKMARK [1][-]{section.3.5}{Das elektromagnetische Feld eines oszillierenden Dipols}{chapter.3}% 20
\BOOKMARK [1][-]{section.3.6}{Die Dispersion von dichten Medien}{chapter.3}% 21
\BOOKMARK [1][-]{section.3.7}{Brechungsindex und Absorption von Metallen}{chapter.3}% 22
\BOOKMARK [0][-]{chapter.4}{Elektromagnetische Wellen an Grenzfl\344chen}{}% 23
\BOOKMARK [1][-]{section.4.1}{Randbedingungen der elektromagnetischen Welle}{chapter.4}% 24
\BOOKMARK [1][-]{section.4.2}{Reflexions- und Brechungsgesetz}{chapter.4}% 25
\BOOKMARK [1][-]{section.4.3}{Die Fresnel'schen Formeln}{chapter.4}% 26
\BOOKMARK [2][-]{subsection.4.3.1}{Linear Polarisiertes Licht}{section.4.3}% 27
\BOOKMARK [2][-]{subsection.4.3.2}{Zirkular polarisiertes Licht}{section.4.3}% 28
\BOOKMARK [2][-]{subsection.4.3.3}{Elliptisch polarisiertes Licht}{section.4.3}% 29
\BOOKMARK [2][-]{subsection.4.3.4}{Fresnel'sche Formeln}{section.4.3}% 30
\BOOKMARK [2][-]{subsection.4.3.5}{Senkrechter Lichteinfall}{section.4.3}% 31
\BOOKMARK [2][-]{subsection.4.3.6}{Beliebige Einfallswinkel}{section.4.3}% 32
\BOOKMARK [2][-]{subsection.4.3.7}{Totalreflexion und evaneszente Welle}{section.4.3}% 33
\BOOKMARK [2][-]{subsection.4.3.8}{Absorbierende Medien}{section.4.3}% 34
\BOOKMARK [0][-]{chapter.5}{Polarisation}{}% 35
\BOOKMARK [1][-]{section.5.1}{Mathematische Formulierung}{chapter.5}% 36
\BOOKMARK [1][-]{section.5.2}{Polarisatoren}{chapter.5}% 37
\BOOKMARK [1][-]{section.5.3}{Doppelbrechung}{chapter.5}% 38
\BOOKMARK [2][-]{subsection.5.3.1}{Anwendungen anisotroper Materialien \(nat\374rliche Doppelbrechung\)}{section.5.3}% 39
\BOOKMARK [2][-]{subsection.5.3.2}{Induzierte Doppelbrechung}{section.5.3}% 40
\BOOKMARK [0][-]{chapter.6}{Nichtlineare Optik}{}% 41
\BOOKMARK [0][-]{chapter.7}{Geometrische Optik}{}% 42
\BOOKMARK [1][-]{section.7.1}{Fermat'sches Prinzip}{chapter.7}% 43
\BOOKMARK [1][-]{section.7.2}{Die optische Abbildung}{chapter.7}% 44
\BOOKMARK [2][-]{subsection.7.2.1}{Paraxiale Objekte}{section.7.2}% 45
\BOOKMARK [2][-]{subsection.7.2.2}{Abbildungen mit Kugelspiegel}{section.7.2}% 46
\BOOKMARK [2][-]{subsection.7.2.3}{Abbildung durch brechende Kugelfl\344chen}{section.7.2}% 47
\BOOKMARK [1][-]{section.7.3}{Optische Ger\344te}{chapter.7}% 48
\BOOKMARK [2][-]{subsection.7.3.1}{Sammel- und Zerstreuungslinsen}{section.7.3}% 49
\BOOKMARK [2][-]{subsection.7.3.2}{Lupe}{section.7.3}% 50
\BOOKMARK [2][-]{subsection.7.3.3}{Das Teleskop bzw. Fernrohr}{section.7.3}% 51
\BOOKMARK [2][-]{subsection.7.3.4}{Mondaufgang}{section.7.3}% 52
\BOOKMARK [1][-]{section.7.4}{Abbildungsfehler}{chapter.7}% 53
\BOOKMARK [2][-]{subsection.7.4.1}{Chromatische Aberration}{section.7.4}% 54
\BOOKMARK [2][-]{subsection.7.4.2}{Sph\344rische Aberration \(\326ffnungsfehler\)}{section.7.4}% 55
\BOOKMARK [2][-]{subsection.7.4.3}{Koma}{section.7.4}% 56
\BOOKMARK [2][-]{subsection.7.4.4}{Astigmatismus}{section.7.4}% 57
\BOOKMARK [2][-]{subsection.7.4.5}{Bildfeldw\366lbung und -verzerrung}{section.7.4}% 58
\BOOKMARK [0][-]{chapter.8}{Wellenoptik}{}% 59
\BOOKMARK [1][-]{section.8.1}{Fourier-Transformation}{chapter.8}% 60
\BOOKMARK [1][-]{section.8.2}{Beugung}{chapter.8}% 61
\BOOKMARK [2][-]{subsection.8.2.1}{Das Huygen'sche Prinzip}{section.8.2}% 62
\BOOKMARK [2][-]{subsection.8.2.2}{Die Fresnel'sche Beugung}{section.8.2}% 63
\BOOKMARK [2][-]{subsection.8.2.3}{Die Fresnel-Kirchhoff'sche Beugungstheorie}{section.8.2}% 64
\BOOKMARK [1][-]{section.8.3}{Interferenz und Koh\344renz}{chapter.8}% 65
\BOOKMARK [0][-]{chapter*.38}{Symbolverzeichnis}{}% 66
\BOOKMARK [0][-]{chapter*.39}{Index}{}% 67
